info: Microsoft.AspNetCore.DataProtection.KeyManagement.XmlKeyManager[0]
      User profile is available. Using 'C:\Users\andui\AppData\Local\ASP.NET\DataProtection-Keys' as key repository and Windows DPAPI to encrypt keys at rest.
info: Microsoft.AspNetCore.DataProtection.KeyManagement.XmlKeyManager[58]
      Creating key {8a580865-c00d-4ad4-bd2f-b08631dc9547} with creation date 2018-02-23 01:08:39Z, activation date 2018-02-23 01:08:39Z, and expiration date 2018-05-24 01:08:39Z.
info: Microsoft.AspNetCore.DataProtection.Repositories.FileSystemXmlRepository[39]
      Writing data to file 'C:\Users\andui\AppData\Local\ASP.NET\DataProtection-Keys\key-8a580865-c00d-4ad4-bd2f-b08631dc9547.xml'.
Hosting environment: Development
Content root path: D:\WorkSpace\Aiursoft\OSS\src
Now listening on: http://localhost:14263
Application started. Press Ctrl+C to shut down.
info: Microsoft.AspNetCore.Hosting.Internal.WebHost[1]
      Request starting HTTP/1.1 GET http://localhost:59249/  
info: Microsoft.AspNetCore.Mvc.Internal.ControllerActionInvoker[1]
      Executing action method Aiursoft.OSS.Controllers.HomeController.Index (Aiursoft.OSS) with arguments ((null)) - ModelState is Valid
info: Microsoft.AspNetCore.Mvc.Formatters.Json.Internal.JsonResultExecutor[1]
      Executing JsonResult, writing value Aiursoft.Pylon.Models.AiurProtocal.
info: Microsoft.AspNetCore.Mvc.Internal.ControllerActionInvoker[2]
      Executed action Aiursoft.OSS.Controllers.HomeController.Index (Aiursoft.OSS) in 227.8648ms
info: Microsoft.AspNetCore.Hosting.Internal.WebHost[2]
      Request finished in 957.9072ms 200 application/json; charset=utf-8
info: Microsoft.AspNetCore.Hosting.Internal.WebHost[1]
      Request starting HTTP/1.1 GET http://localhost:59249/favicon.ico  
info: Microsoft.AspNetCore.Hosting.Internal.WebHost[2]
      Request finished in 32.1053ms 404 
